[2025-10-22 05:42:58][supplier:0a91b764-1c71-11eb-e0eb-d7bf46fa95c8] Active orders query failed: Unknown column 'ti.quantity' in 'field list'
[2025-10-22 05:42:58][supplier:0a91b764-1c71-11eb-e0eb-d7bf46fa95c8] Warranty data query failed: Unknown column 'fp.created_at' in 'field list'
[2025-10-22 05:42:58][supplier:0a91b764-1c71-11eb-e0eb-d7bf46fa95c8] Monthly performance query failed: Unknown column 'ti.quantity' in 'field list'
[2025-10-22 05:42:58][supplier:0a91b764-1c71-11eb-e0eb-d7bf46fa95c8] Recent orders query failed: Unknown column 't.reference' in 'field list'
[2025-10-22 05:42:58][supplier:0a91b764-1c71-11eb-e0eb-d7bf46fa95c8] Top products query failed: Unknown column 'ti.quantity' in 'field list'
[2025-10-22 05:42:58][supplier:0a91b764-1c71-11eb-e0eb-d7bf46fa95c8] Previous period revenue query failed: Unknown column 'ti.quantity' in 'field list'
[2025-10-22 05:43:01][supplier:0a91b764-1c71-11eb-e0eb-d7bf46fa95c8] Active orders query failed: Unknown column 'ti.quantity' in 'field list'
[2025-10-22 05:43:01][supplier:0a91b764-1c71-11eb-e0eb-d7bf46fa95c8] Warranty data query failed: Unknown column 'fp.created_at' in 'field list'
[2025-10-22 05:43:01][supplier:0a91b764-1c71-11eb-e0eb-d7bf46fa95c8] Monthly performance query failed: Unknown column 'ti.quantity' in 'field list'
[2025-10-22 05:43:01][supplier:0a91b764-1c71-11eb-e0eb-d7bf46fa95c8] Recent orders query failed: Unknown column 't.reference' in 'field list'
[2025-10-22 05:43:01][supplier:0a91b764-1c71-11eb-e0eb-d7bf46fa95c8] Top products query failed: Unknown column 'ti.quantity' in 'field list'
[2025-10-22 05:43:01][supplier:0a91b764-1c71-11eb-e0eb-d7bf46fa95c8] Previous period revenue query failed: Unknown column 'ti.quantity' in 'field list'
[2025-10-22 05:43:18][supplier:0a91b764-1c71-11eb-e0eb-d7bf46fa95c8] Active orders query failed: Unknown column 'ti.quantity' in 'field list'
[2025-10-22 05:43:18][supplier:0a91b764-1c71-11eb-e0eb-d7bf46fa95c8] Warranty data query failed: Unknown column 'fp.created_at' in 'field list'
[2025-10-22 05:43:18][supplier:0a91b764-1c71-11eb-e0eb-d7bf46fa95c8] Monthly performance query failed: Unknown column 'ti.quantity' in 'field list'
[2025-10-22 05:43:18][supplier:0a91b764-1c71-11eb-e0eb-d7bf46fa95c8] Recent orders query failed: Unknown column 't.reference' in 'field list'
[2025-10-22 05:43:18][supplier:0a91b764-1c71-11eb-e0eb-d7bf46fa95c8] Top products query failed: Unknown column 'ti.quantity' in 'field list'
[2025-10-22 05:43:18][supplier:0a91b764-1c71-11eb-e0eb-d7bf46fa95c8] Previous period revenue query failed: Unknown column 'ti.quantity' in 'field list'
[2025-10-22 09:26:47][supplier:0a91b764-1c71-11eb-e0eb-d7bf46fa95c8] Active orders query failed: Unknown column 'ti.quantity' in 'field list'
[2025-10-22 09:26:47][supplier:0a91b764-1c71-11eb-e0eb-d7bf46fa95c8] Warranty data query failed: Unknown column 'fp.created_at' in 'field list'
[2025-10-22 09:26:47][supplier:0a91b764-1c71-11eb-e0eb-d7bf46fa95c8] Monthly performance query failed: Unknown column 'ti.quantity' in 'field list'
[2025-10-22 09:26:47][supplier:0a91b764-1c71-11eb-e0eb-d7bf46fa95c8] Recent orders query failed: Unknown column 't.reference' in 'field list'
[2025-10-22 09:26:47][supplier:0a91b764-1c71-11eb-e0eb-d7bf46fa95c8] Top products query failed: Unknown column 'ti.quantity' in 'field list'
[2025-10-22 09:26:47][supplier:0a91b764-1c71-11eb-e0eb-d7bf46fa95c8] Previous period revenue query failed: Unknown column 'ti.quantity' in 'field list'
[2025-10-22 09:26:50][supplier:0a91b764-1c71-11eb-e0eb-d7bf46fa95c8] Active orders query failed: Unknown column 'ti.quantity' in 'field list'
[2025-10-22 09:26:50][supplier:0a91b764-1c71-11eb-e0eb-d7bf46fa95c8] Warranty data query failed: Unknown column 'fp.created_at' in 'field list'
[2025-10-22 09:26:50][supplier:0a91b764-1c71-11eb-e0eb-d7bf46fa95c8] Monthly performance query failed: Unknown column 'ti.quantity' in 'field list'
[2025-10-22 09:26:50][supplier:0a91b764-1c71-11eb-e0eb-d7bf46fa95c8] Recent orders query failed: Unknown column 't.reference' in 'field list'
[2025-10-22 09:26:50][supplier:0a91b764-1c71-11eb-e0eb-d7bf46fa95c8] Top products query failed: Unknown column 'ti.quantity' in 'field list'
[2025-10-22 09:26:50][supplier:0a91b764-1c71-11eb-e0eb-d7bf46fa95c8] Previous period revenue query failed: Unknown column 'ti.quantity' in 'field list'
[2025-10-22 09:26:55][supplier:0a91b764-1c71-11eb-e0eb-d7bf46fa95c8] Active orders query failed: Unknown column 'ti.quantity' in 'field list'
[2025-10-22 09:26:55][supplier:0a91b764-1c71-11eb-e0eb-d7bf46fa95c8] Warranty data query failed: Unknown column 'fp.created_at' in 'field list'
[2025-10-22 09:26:55][supplier:0a91b764-1c71-11eb-e0eb-d7bf46fa95c8] Monthly performance query failed: Unknown column 'ti.quantity' in 'field list'
[2025-10-22 09:26:55][supplier:0a91b764-1c71-11eb-e0eb-d7bf46fa95c8] Recent orders query failed: Unknown column 't.reference' in 'field list'
[2025-10-22 09:26:55][supplier:0a91b764-1c71-11eb-e0eb-d7bf46fa95c8] Top products query failed: Unknown column 'ti.quantity' in 'field list'
[2025-10-22 09:26:55][supplier:0a91b764-1c71-11eb-e0eb-d7bf46fa95c8] Previous period revenue query failed: Unknown column 'ti.quantity' in 'field list'
[2025-10-22 09:26:59][supplier:0a91b764-1c71-11eb-e0eb-d7bf46fa95c8] Active orders query failed: Unknown column 'ti.quantity' in 'field list'
[2025-10-22 09:26:59][supplier:0a91b764-1c71-11eb-e0eb-d7bf46fa95c8] Warranty data query failed: Unknown column 'fp.created_at' in 'field list'
[2025-10-22 09:26:59][supplier:0a91b764-1c71-11eb-e0eb-d7bf46fa95c8] Monthly performance query failed: Unknown column 'ti.quantity' in 'field list'
[2025-10-22 09:26:59][supplier:0a91b764-1c71-11eb-e0eb-d7bf46fa95c8] Recent orders query failed: Unknown column 't.reference' in 'field list'
[2025-10-22 09:26:59][supplier:0a91b764-1c71-11eb-e0eb-d7bf46fa95c8] Top products query failed: Unknown column 'ti.quantity' in 'field list'
[2025-10-22 09:26:59][supplier:0a91b764-1c71-11eb-e0eb-d7bf46fa95c8] Previous period revenue query failed: Unknown column 'ti.quantity' in 'field list'
[2025-10-22 09:27:14][supplier:0a91b764-1c71-11eb-e0eb-d7bf46fa95c8] Active orders query failed: Unknown column 'ti.quantity' in 'field list'
[2025-10-22 09:27:14][supplier:0a91b764-1c71-11eb-e0eb-d7bf46fa95c8] Warranty data query failed: Unknown column 'fp.created_at' in 'field list'
[2025-10-22 09:27:14][supplier:0a91b764-1c71-11eb-e0eb-d7bf46fa95c8] Monthly performance query failed: Unknown column 'ti.quantity' in 'field list'
[2025-10-22 09:27:14][supplier:0a91b764-1c71-11eb-e0eb-d7bf46fa95c8] Recent orders query failed: Unknown column 't.reference' in 'field list'
[2025-10-22 09:27:14][supplier:0a91b764-1c71-11eb-e0eb-d7bf46fa95c8] Top products query failed: Unknown column 'ti.quantity' in 'field list'
[2025-10-22 09:27:14][supplier:0a91b764-1c71-11eb-e0eb-d7bf46fa95c8] Previous period revenue query failed: Unknown column 'ti.quantity' in 'field list'
[2025-10-22 11:11:24][supplier:0a91b764-1c71-11eb-e0eb-d7bf46fa95c8] Active orders query failed: Unknown column 'ti.quantity' in 'field list'
[2025-10-22 11:11:24][supplier:0a91b764-1c71-11eb-e0eb-d7bf46fa95c8] Warranty data query failed: Unknown column 'fp.created_at' in 'field list'
[2025-10-22 11:11:24][supplier:0a91b764-1c71-11eb-e0eb-d7bf46fa95c8] Monthly performance query failed: Unknown column 'ti.quantity' in 'field list'
[2025-10-22 11:11:24][supplier:0a91b764-1c71-11eb-e0eb-d7bf46fa95c8] Recent orders query failed: Unknown column 't.reference' in 'field list'
[2025-10-22 11:11:24][supplier:0a91b764-1c71-11eb-e0eb-d7bf46fa95c8] Top products query failed: Unknown column 'ti.quantity' in 'field list'
[2025-10-22 11:11:24][supplier:0a91b764-1c71-11eb-e0eb-d7bf46fa95c8] Previous period revenue query failed: Unknown column 'ti.quantity' in 'field list'
[2025-10-22 11:13:32][supplier:0a91b764-1c71-11eb-e0eb-d7bf46fa95c8] Active orders query failed: Unknown column 'ti.quantity' in 'field list'
[2025-10-22 11:13:32][supplier:0a91b764-1c71-11eb-e0eb-d7bf46fa95c8] Warranty data query failed: Unknown column 'fp.created_at' in 'field list'
[2025-10-22 11:13:32][supplier:0a91b764-1c71-11eb-e0eb-d7bf46fa95c8] Monthly performance query failed: Unknown column 'ti.quantity' in 'field list'
[2025-10-22 11:13:32][supplier:0a91b764-1c71-11eb-e0eb-d7bf46fa95c8] Recent orders query failed: Unknown column 't.reference' in 'field list'
[2025-10-22 11:13:32][supplier:0a91b764-1c71-11eb-e0eb-d7bf46fa95c8] Top products query failed: Unknown column 'ti.quantity' in 'field list'
[2025-10-22 11:13:32][supplier:0a91b764-1c71-11eb-e0eb-d7bf46fa95c8] Previous period revenue query failed: Unknown column 'ti.quantity' in 'field list'
[2025-10-22 11:13:35][supplier:0a91b764-1c71-11eb-e0eb-d7bf46fa95c8] Active orders query failed: Unknown column 'ti.quantity' in 'field list'
[2025-10-22 11:13:35][supplier:0a91b764-1c71-11eb-e0eb-d7bf46fa95c8] Warranty data query failed: Unknown column 'fp.created_at' in 'field list'
[2025-10-22 11:13:35][supplier:0a91b764-1c71-11eb-e0eb-d7bf46fa95c8] Monthly performance query failed: Unknown column 'ti.quantity' in 'field list'
[2025-10-22 11:13:35][supplier:0a91b764-1c71-11eb-e0eb-d7bf46fa95c8] Recent orders query failed: Unknown column 't.reference' in 'field list'
[2025-10-22 11:13:35][supplier:0a91b764-1c71-11eb-e0eb-d7bf46fa95c8] Top products query failed: Unknown column 'ti.quantity' in 'field list'
[2025-10-22 11:13:35][supplier:0a91b764-1c71-11eb-e0eb-d7bf46fa95c8] Previous period revenue query failed: Unknown column 'ti.quantity' in 'field list'
[2025-10-22 11:14:21][supplier:0a91b764-1c71-11eb-e0eb-d7bf46fa95c8] Active orders query failed: Unknown column 'ti.quantity' in 'field list'
[2025-10-22 11:14:21][supplier:0a91b764-1c71-11eb-e0eb-d7bf46fa95c8] Warranty data query failed: Unknown column 'fp.created_at' in 'field list'
[2025-10-22 11:14:21][supplier:0a91b764-1c71-11eb-e0eb-d7bf46fa95c8] Monthly performance query failed: Unknown column 'ti.quantity' in 'field list'
[2025-10-22 11:14:21][supplier:0a91b764-1c71-11eb-e0eb-d7bf46fa95c8] Recent orders query failed: Unknown column 't.reference' in 'field list'
[2025-10-22 11:14:21][supplier:0a91b764-1c71-11eb-e0eb-d7bf46fa95c8] Top products query failed: Unknown column 'ti.quantity' in 'field list'
[2025-10-22 11:14:21][supplier:0a91b764-1c71-11eb-e0eb-d7bf46fa95c8] Previous period revenue query failed: Unknown column 'ti.quantity' in 'field list'
[2025-10-22 11:48:45][supplier:0a91b764-1c71-11eb-e0eb-d7bf46fa95c8] Active orders query failed: Unknown column 'ti.quantity' in 'field list'
[2025-10-22 11:48:45][supplier:0a91b764-1c71-11eb-e0eb-d7bf46fa95c8] Warranty data query failed: Unknown column 'fp.created_at' in 'field list'
[2025-10-22 11:48:45][supplier:0a91b764-1c71-11eb-e0eb-d7bf46fa95c8] Monthly performance query failed: Unknown column 'ti.quantity' in 'field list'
[2025-10-22 11:48:45][supplier:0a91b764-1c71-11eb-e0eb-d7bf46fa95c8] Recent orders query failed: Unknown column 't.reference' in 'field list'
[2025-10-22 11:48:45][supplier:0a91b764-1c71-11eb-e0eb-d7bf46fa95c8] Top products query failed: Unknown column 'ti.quantity' in 'field list'
[2025-10-22 11:48:45][supplier:0a91b764-1c71-11eb-e0eb-d7bf46fa95c8] Previous period revenue query failed: Unknown column 'ti.quantity' in 'field list'
[2025-10-22 11:50:35][supplier:0a91b764-1c71-11eb-e0eb-d7bf46fa95c8] Active orders query failed: Unknown column 'ti.quantity' in 'field list'
[2025-10-22 11:50:35][supplier:0a91b764-1c71-11eb-e0eb-d7bf46fa95c8] Warranty data query failed: Unknown column 'fp.created_at' in 'field list'
[2025-10-22 11:50:35][supplier:0a91b764-1c71-11eb-e0eb-d7bf46fa95c8] Monthly performance query failed: Unknown column 'ti.quantity' in 'field list'
[2025-10-22 11:50:35][supplier:0a91b764-1c71-11eb-e0eb-d7bf46fa95c8] Recent orders query failed: Unknown column 't.reference' in 'field list'
[2025-10-22 11:50:35][supplier:0a91b764-1c71-11eb-e0eb-d7bf46fa95c8] Top products query failed: Unknown column 'ti.quantity' in 'field list'
[2025-10-22 11:50:35][supplier:0a91b764-1c71-11eb-e0eb-d7bf46fa95c8] Previous period revenue query failed: Unknown column 'ti.quantity' in 'field list'
[2025-10-22 12:01:25][supplier:0a91b764-1c71-11eb-e0eb-d7bf46fa95c8] Active orders query failed: Unknown column 'ti.quantity' in 'field list'
[2025-10-22 12:01:25][supplier:0a91b764-1c71-11eb-e0eb-d7bf46fa95c8] Warranty data query failed: Unknown column 'fp.created_at' in 'field list'
[2025-10-22 12:01:25][supplier:0a91b764-1c71-11eb-e0eb-d7bf46fa95c8] Monthly performance query failed: Unknown column 'ti.quantity' in 'field list'
[2025-10-22 12:01:25][supplier:0a91b764-1c71-11eb-e0eb-d7bf46fa95c8] Recent orders query failed: Unknown column 't.reference' in 'field list'
[2025-10-22 12:01:25][supplier:0a91b764-1c71-11eb-e0eb-d7bf46fa95c8] Top products query failed: Unknown column 'ti.quantity' in 'field list'
[2025-10-22 12:01:25][supplier:0a91b764-1c71-11eb-e0eb-d7bf46fa95c8] Previous period revenue query failed: Unknown column 'ti.quantity' in 'field list'
[2025-10-22 12:03:15][supplier:0a91b764-1c71-11eb-e0eb-d7bf46fa95c8] Active orders query failed: Unknown column 'ti.quantity' in 'field list'
[2025-10-22 12:03:15][supplier:0a91b764-1c71-11eb-e0eb-d7bf46fa95c8] Warranty data query failed: Unknown column 'fp.created_at' in 'field list'
[2025-10-22 12:03:15][supplier:0a91b764-1c71-11eb-e0eb-d7bf46fa95c8] Monthly performance query failed: Unknown column 'ti.quantity' in 'field list'
[2025-10-22 12:03:15][supplier:0a91b764-1c71-11eb-e0eb-d7bf46fa95c8] Recent orders query failed: Unknown column 't.reference' in 'field list'
[2025-10-22 12:03:15][supplier:0a91b764-1c71-11eb-e0eb-d7bf46fa95c8] Top products query failed: Unknown column 'ti.quantity' in 'field list'
[2025-10-22 12:03:15][supplier:0a91b764-1c71-11eb-e0eb-d7bf46fa95c8] Previous period revenue query failed: Unknown column 'ti.quantity' in 'field list'
[2025-10-22 12:03:23][supplier:0a91b764-1c71-11eb-e0eb-d7bf46fa95c8] Active orders query failed: Unknown column 'ti.quantity' in 'field list'
[2025-10-22 12:03:23][supplier:0a91b764-1c71-11eb-e0eb-d7bf46fa95c8] Warranty data query failed: Unknown column 'fp.created_at' in 'field list'
[2025-10-22 12:03:23][supplier:0a91b764-1c71-11eb-e0eb-d7bf46fa95c8] Monthly performance query failed: Unknown column 'ti.quantity' in 'field list'
[2025-10-22 12:03:23][supplier:0a91b764-1c71-11eb-e0eb-d7bf46fa95c8] Recent orders query failed: Unknown column 't.reference' in 'field list'
[2025-10-22 12:03:23][supplier:0a91b764-1c71-11eb-e0eb-d7bf46fa95c8] Top products query failed: Unknown column 'ti.quantity' in 'field list'
[2025-10-22 12:03:23][supplier:0a91b764-1c71-11eb-e0eb-d7bf46fa95c8] Previous period revenue query failed: Unknown column 'ti.quantity' in 'field list'
[2025-10-22 12:03:43][supplier:0a91b764-1c71-11eb-e0eb-d7bf46fa95c8] Active orders query failed: Unknown column 'ti.quantity' in 'field list'
[2025-10-22 12:03:43][supplier:0a91b764-1c71-11eb-e0eb-d7bf46fa95c8] Warranty data query failed: Unknown column 'fp.created_at' in 'field list'
[2025-10-22 12:03:43][supplier:0a91b764-1c71-11eb-e0eb-d7bf46fa95c8] Monthly performance query failed: Unknown column 'ti.quantity' in 'field list'
[2025-10-22 12:03:43][supplier:0a91b764-1c71-11eb-e0eb-d7bf46fa95c8] Recent orders query failed: Unknown column 't.reference' in 'field list'
[2025-10-22 12:03:43][supplier:0a91b764-1c71-11eb-e0eb-d7bf46fa95c8] Top products query failed: Unknown column 'ti.quantity' in 'field list'
[2025-10-22 12:03:43][supplier:0a91b764-1c71-11eb-e0eb-d7bf46fa95c8] Previous period revenue query failed: Unknown column 'ti.quantity' in 'field list'
[2025-10-22 12:05:06][supplier:0a91b764-1c71-11eb-e0eb-d7bf46fa95c8] Active orders query failed: Unknown column 'ti.quantity' in 'field list'
[2025-10-22 12:05:06][supplier:0a91b764-1c71-11eb-e0eb-d7bf46fa95c8] Warranty data query failed: Unknown column 'fp.created_at' in 'field list'
[2025-10-22 12:05:06][supplier:0a91b764-1c71-11eb-e0eb-d7bf46fa95c8] Monthly performance query failed: Unknown column 'ti.quantity' in 'field list'
[2025-10-22 12:05:06][supplier:0a91b764-1c71-11eb-e0eb-d7bf46fa95c8] Recent orders query failed: Unknown column 't.reference' in 'field list'
[2025-10-22 12:05:06][supplier:0a91b764-1c71-11eb-e0eb-d7bf46fa95c8] Top products query failed: Unknown column 'ti.quantity' in 'field list'
[2025-10-22 12:05:06][supplier:0a91b764-1c71-11eb-e0eb-d7bf46fa95c8] Previous period revenue query failed: Unknown column 'ti.quantity' in 'field list'
[2025-10-22 13:58:15][supplier:0a91b764-1c71-11eb-e0eb-d7bf46fa95c8] Active orders query failed: Unknown column 'ti.quantity' in 'field list'
[2025-10-22 13:58:15][supplier:0a91b764-1c71-11eb-e0eb-d7bf46fa95c8] Warranty data query failed: Unknown column 'fp.created_at' in 'field list'
[2025-10-22 13:58:15][supplier:0a91b764-1c71-11eb-e0eb-d7bf46fa95c8] Monthly performance query failed: Unknown column 'ti.quantity' in 'field list'
[2025-10-22 13:58:15][supplier:0a91b764-1c71-11eb-e0eb-d7bf46fa95c8] Recent orders query failed: Unknown column 't.reference' in 'field list'
[2025-10-22 13:58:15][supplier:0a91b764-1c71-11eb-e0eb-d7bf46fa95c8] Top products query failed: Unknown column 'ti.quantity' in 'field list'
[2025-10-22 13:58:15][supplier:0a91b764-1c71-11eb-e0eb-d7bf46fa95c8] Previous period revenue query failed: Unknown column 'ti.quantity' in 'field list'
[2025-10-22 15:13:38][supplier:0a91b764-1c71-11eb-e0eb-d7bf46fa95c8] Active orders query failed: Unknown column 'ti.quantity' in 'field list'
[2025-10-22 15:13:38][supplier:0a91b764-1c71-11eb-e0eb-d7bf46fa95c8] Warranty data query failed: Unknown column 'fp.created_at' in 'field list'
[2025-10-22 15:13:38][supplier:0a91b764-1c71-11eb-e0eb-d7bf46fa95c8] Monthly performance query failed: Unknown column 'ti.quantity' in 'field list'
[2025-10-22 15:13:38][supplier:0a91b764-1c71-11eb-e0eb-d7bf46fa95c8] Recent orders query failed: Unknown column 't.reference' in 'field list'
[2025-10-22 15:13:38][supplier:0a91b764-1c71-11eb-e0eb-d7bf46fa95c8] Top products query failed: Unknown column 'ti.quantity' in 'field list'
[2025-10-22 15:13:38][supplier:0a91b764-1c71-11eb-e0eb-d7bf46fa95c8] Previous period revenue query failed: Unknown column 'ti.quantity' in 'field list'
